\BOOKMARK [0][-]{chapter*.7}{Introdu\347\343o}{}% 1
\BOOKMARK [0][-]{chapter.1}{Pr\351-Requisito}{}% 2
\BOOKMARK [1][-]{section.1.1}{Sequ\352ncia Num\351ricas}{chapter.1}% 3
\BOOKMARK [2][-]{subsection.1.1.1}{Conceito de Limite de Sequ\352ncias}{section.1.1}% 4
\BOOKMARK [2][-]{subsection.1.1.2}{Opera\347\343o com Limites}{section.1.1}% 5
\BOOKMARK [2][-]{subsection.1.1.3}{Sequ\352ncias Mon\363tonas}{section.1.1}% 6
\BOOKMARK [1][-]{section.1.2}{S\351ries Num\351ricas}{chapter.1}% 7
\BOOKMARK [2][-]{subsection.1.2.1}{Somas Parciais}{section.1.2}% 8
\BOOKMARK [2][-]{subsection.1.2.2}{Testes de Converg\352ncia}{section.1.2}% 9
\BOOKMARK [2][-]{subsection.1.2.3}{Converg\352ncia Absoluta e Condicional}{section.1.2}% 10
\BOOKMARK [0][-]{chapter.2}{M\351todo das S\351ries de Pot\352ncias}{}% 11
\BOOKMARK [1][-]{section.2.1}{S\351ries de Pot\352ncias}{chapter.2}% 12
\BOOKMARK [2][-]{subsection.2.1.1}{Representa\347\343o de Fun\347\365es como S\351ries de Pot\352ncias}{section.2.1}% 13
\BOOKMARK [2][-]{subsection.2.1.2}{Opera\347\365es com S\351ries de Pot\352ncias}{section.2.1}% 14
\BOOKMARK [2][-]{subsection.2.1.3}{Propriedades das S\351ries de Pot\352ncias}{section.2.1}% 15
\BOOKMARK [1][-]{section.2.2}{A Id\351ia do M\351todo das S\351ries de Pot\352ncias}{chapter.2}% 16
\BOOKMARK [2][-]{subsection.2.2.1}{Teorema da Exist\352ncia de Solu\347\365es por S\351ries de Pot\352ncias}{section.2.2}% 17
\BOOKMARK [2][-]{subsection.2.2.2}{Classifica\347\343o dos Pontos do Dom\355nio da EDO}{section.2.2}% 18
\BOOKMARK [2][-]{subsection.2.2.3}{Resolu\347\343o na Vizinhan\347a de um Ponto Ordin\341rio}{section.2.2}% 19
\BOOKMARK [2][-]{subsection.2.2.4}{Resolu\347\343o na Vizinhan\347a de um Ponto Singular Regular}{section.2.2}% 20
\BOOKMARK [0][-]{chapter.3}{M\351todo de Frobenius}{}% 21
\BOOKMARK [1][-]{section.3.1}{M\351todo de Frobenius}{chapter.3}% 22
\BOOKMARK [2][-]{subsection.3.1.1}{Equa\347\343o Indicial, Indica\347\343o da Forma das Solu\347\365es}{section.3.1}% 23
\BOOKMARK [2][-]{subsection.3.1.2}{Caso de Ra\355zes Indicias Distintas n\343o se Deferindo por um N\372mero Inteiro: \040s1 - s2 Z }{section.3.1}% 24
\BOOKMARK [2][-]{subsection.3.1.3}{Caso de Ra\355zes Indicias que Diferem por um Inteiro Positivo: \040s1 - s2 N }{section.3.1}% 25
\BOOKMARK [2][-]{subsection.3.1.4}{Caso de Ra\355zes Indicias Iguais: \040s = s1 = s2 }{section.3.1}% 26
\BOOKMARK [1][-]{section.3.2}{Equa\347\343o de Bessel}{chapter.3}% 27
\BOOKMARK [2][-]{subsection.3.2.1}{Solu\347\343o para a Equa\347\343o de Bessel}{section.3.2}% 28
\BOOKMARK [2][-]{subsection.3.2.2}{Fun\347\343o de Bessel de Primeira Esp\351cie \040J\(x\) \040para Inteiros N\343o-Negativos}{section.3.2}% 29
\BOOKMARK [2][-]{subsection.3.2.3}{Fun\347\343o de Bessel de Primeira Esp\351cie \040J\(x\) \040para Inteiros \0400 }{section.3.2}% 30
\BOOKMARK [2][-]{subsection.3.2.4}{Solu\347\343o Geral para Valores N\343o-Inteiros de . Solu\347\343o J- }{section.3.2}% 31
\BOOKMARK [2][-]{subsection.3.2.5}{Fun\347\343o de Bessel de Segunda Esp\351cie \040Y\(x\)}{section.3.2}% 32
\BOOKMARK [2][-]{subsection.3.2.6}{Fun\347\343o de Bessel de Segunda Esp\351cie \040Y0\(x\)}{section.3.2}% 33
\BOOKMARK [2][-]{subsection.3.2.7}{Solu\347\343o Geral da Equa\347\343o de Bessel: Fun\347\365es de Bessel de Segunda Esp\351cie \040Yn\(x\)}{section.3.2}% 34
\BOOKMARK [0][-]{chapter.4}{Cilindro Infinito}{}% 35
\BOOKMARK [1][-]{section.4.1}{Problema Sim\351trico}{chapter.4}% 36
\BOOKMARK [0][-]{chapter.5}{Conclus\343o}{}% 37
\BOOKMARK [0][-]{chapter.5}{Refer\352ncias Bibliogr\341ficas}{}% 38
